This is pdfTeX, Version 3.1415926-2.5-1.40.14 (MiKTeX 2.9) (preloaded format=pdflatex 2014.3.11)  15 MAR 2014 17:24
entering extended mode
**C:/Users/tjobe/Dropbox/personal/lifeOfJesus_AdultClass_201403/lifeOfJesus_Adu
ltClass_201403_presentation.tex

(C:/Users/tjobe/Dropbox/personal/lifeOfJesus_AdultClass_201403/lifeOfJesus_Adul
tClass_201403_presentation.tex
LaTeX2e <2011/06/27>
Babel <v3.8m> and hyphenation patterns for english, afrikaans, ancientgreek, ar
abic, armenian, assamese, basque, bengali, bokmal, bulgarian, catalan, coptic, 
croatian, czech, danish, dutch, esperanto, estonian, farsi, finnish, french, ga
lician, german, german-x-2013-05-26, greek, gujarati, hindi, hungarian, iceland
ic, indonesian, interlingua, irish, italian, kannada, kurmanji, latin, latvian,
 lithuanian, malayalam, marathi, mongolian, mongolianlmc, monogreek, ngerman, n
german-x-2013-05-26, nynorsk, oriya, panjabi, pinyin, polish, portuguese, roman
ian, russian, sanskrit, serbian, slovak, slovenian, spanish, swedish, swissgerm
an, tamil, telugu, turkish, turkmen, ukenglish, ukrainian, uppersorbian, usengl
ishmax, welsh, loaded.
(C:\Users\tjobe\Portable\MiKTeXPortable\tex\latex\beamer\base\beamer.cls
(C:\Users\tjobe\Portable\MiKTeXPortable\tex\latex\beamer\base\beamerbasercs.sty
Package: beamerbasercs 2013/12/25 (rcs-revision 31cc758a62ae)
)
Document Class: beamer 2013/12/02 3.33 A class for typesetting presentations (r
cs-revision 332bfd3ce558)

(C:\Users\tjobe\Portable\MiKTeXPortable\tex\latex\beamer\base\beamerbasemodes.s
ty
Package: beamerbasemodes 2013/09/03 (rcs-revision 768f2d98ca64)
\beamer@tempbox=\box26
\beamer@tempcount=\count79
\c@beamerpauses=\count80

(C:\Users\tjobe\Portable\MiKTeXPortable\tex\latex\beamer\base\beamerbasedecode.
sty
Package: beamerbasedecode 2010/05/01 (rcs-revision efa082c6111d)
\beamer@slideinframe=\count81
\beamer@minimum=\count82
)
\beamer@commentbox=\box27
\beamer@modecount=\count83
) (C:\Users\tjobe\Portable\MiKTeXPortable\tex\generic\oberdiek\ifpdf.sty
Package: ifpdf 2011/01/30 v2.3 Provides the ifpdf switch (HO)
Package ifpdf Info: pdfTeX in PDF mode is detected.
)
\headheight=\dimen102
\headdp=\dimen103
\footheight=\dimen104
\sidebarheight=\dimen105
\beamer@tempdim=\dimen106
\beamer@finalheight=\dimen107
\beamer@animht=\dimen108
\beamer@animdp=\dimen109
\beamer@animwd=\dimen110
\beamer@leftmargin=\dimen111
\beamer@rightmargin=\dimen112
\beamer@leftsidebar=\dimen113
\beamer@rightsidebar=\dimen114
\beamer@boxsize=\dimen115
\beamer@vboxoffset=\dimen116
\beamer@descdefault=\dimen117
\beamer@descriptionwidth=\dimen118
\beamer@lastskip=\skip41
\beamer@areabox=\box28
\beamer@animcurrent=\box29
\beamer@animshowbox=\box30
\beamer@sectionbox=\box31
\beamer@logobox=\box32
\beamer@linebox=\box33
\beamer@sectioncount=\count84
\beamer@subsubsectionmax=\count85
\beamer@subsectionmax=\count86
\beamer@sectionmax=\count87
\beamer@totalheads=\count88
\beamer@headcounter=\count89
\beamer@partstartpage=\count90
\beamer@sectionstartpage=\count91
\beamer@subsectionstartpage=\count92
\beamer@animationtempa=\count93
\beamer@animationtempb=\count94
\beamer@xpos=\count95
\beamer@ypos=\count96
\beamer@showpartnumber=\count97
\beamer@currentsubsection=\count98
\beamer@coveringdepth=\count99
\beamer@sectionadjust=\count100
\beamer@tocsectionnumber=\count101

(C:\Users\tjobe\Portable\MiKTeXPortable\tex\latex\beamer\base\beamerbaseoptions
.sty
Package: beamerbaseoptions 2013/03/10 (rcs-revision 47431932db0d)
 (C:\Users\tjobe\Portable\MiKTeXPortable\tex\latex\graphics\keyval.sty
Package: keyval 1999/03/16 v1.13 key=value parser (DPC)
\KV@toks@=\toks14
))
\beamer@paperwidth=\skip42
\beamer@paperheight=\skip43

(C:\Users\tjobe\Portable\MiKTeXPortable\tex\latex\geometry\geometry.sty
Package: geometry 2010/09/12 v5.6 Page Geometry

(C:\Users\tjobe\Portable\MiKTeXPortable\tex\generic\oberdiek\ifvtex.sty
Package: ifvtex 2010/03/01 v1.5 Detect VTeX and its facilities (HO)
Package ifvtex Info: VTeX not detected.
)
(C:\Users\tjobe\Portable\MiKTeXPortable\tex\generic\ifxetex\ifxetex.sty
Package: ifxetex 2010/09/12 v0.6 Provides ifxetex conditional
)
\Gm@cnth=\count102
\Gm@cntv=\count103
\c@Gm@tempcnt=\count104
\Gm@bindingoffset=\dimen119
\Gm@wd@mp=\dimen120
\Gm@odd@mp=\dimen121
\Gm@even@mp=\dimen122
\Gm@layoutwidth=\dimen123
\Gm@layoutheight=\dimen124
\Gm@layouthoffset=\dimen125
\Gm@layoutvoffset=\dimen126
\Gm@dimlist=\toks15

(C:\Users\tjobe\Portable\MiKTeXPortable\tex\latex\geometry\geometry.cfg))
(C:\Users\tjobe\Portable\MiKTeXPortable\tex\latex\base\size11.clo
File: size11.clo 2007/10/19 v1.4h Standard LaTeX file (size option)
)
(C:\Users\tjobe\Portable\MiKTeXPortable\tex\latex\pgf\basiclayer\pgfcore.sty
(C:\Users\tjobe\Portable\MiKTeXPortable\tex\latex\graphics\graphicx.sty
Package: graphicx 1999/02/16 v1.0f Enhanced LaTeX Graphics (DPC,SPQR)

(C:\Users\tjobe\Portable\MiKTeXPortable\tex\latex\graphics\graphics.sty
Package: graphics 2009/02/05 v1.0o Standard LaTeX Graphics (DPC,SPQR)

(C:\Users\tjobe\Portable\MiKTeXPortable\tex\latex\graphics\trig.sty
Package: trig 1999/03/16 v1.09 sin cos tan (DPC)
)
(C:\Users\tjobe\Portable\MiKTeXPortable\tex\latex\00miktex\graphics.cfg
File: graphics.cfg 2007/01/18 v1.5 graphics configuration of teTeX/TeXLive
)
Package graphics Info: Driver file: pdftex.def on input line 91.

(C:\Users\tjobe\Portable\MiKTeXPortable\tex\latex\pdftex-def\pdftex.def
File: pdftex.def 2011/05/27 v0.06d Graphics/color for pdfTeX

(C:\Users\tjobe\Portable\MiKTeXPortable\tex\generic\oberdiek\infwarerr.sty
Package: infwarerr 2010/04/08 v1.3 Providing info/warning/error messages (HO)
)
(C:\Users\tjobe\Portable\MiKTeXPortable\tex\generic\oberdiek\ltxcmds.sty
Package: ltxcmds 2011/11/09 v1.22 LaTeX kernel commands for general use (HO)
)
\Gread@gobject=\count105
))
\Gin@req@height=\dimen127
\Gin@req@width=\dimen128
)
(C:\Users\tjobe\Portable\MiKTeXPortable\tex\latex\pgf\systemlayer\pgfsys.sty
(C:\Users\tjobe\Portable\MiKTeXPortable\tex\latex\pgf\utilities\pgfrcs.sty
(C:\Users\tjobe\Portable\MiKTeXPortable\tex\generic\pgf\utilities\pgfutil-commo
n.tex
\pgfutil@everybye=\toks16
\pgfutil@tempdima=\dimen129
\pgfutil@tempdimb=\dimen130

(C:\Users\tjobe\Portable\MiKTeXPortable\tex\generic\pgf\utilities\pgfutil-commo
n-lists.tex))
(C:\Users\tjobe\Portable\MiKTeXPortable\tex\generic\pgf\utilities\pgfutil-latex
.def
\pgfutil@abb=\box34
 (C:\Users\tjobe\Portable\MiKTeXPortable\tex\latex\ms\everyshi.sty
Package: everyshi 2001/05/15 v3.00 EveryShipout Package (MS)
))
(C:\Users\tjobe\Portable\MiKTeXPortable\tex\generic\pgf\utilities\pgfrcs.code.t
ex
Package: pgfrcs 2013/12/20 v3.0.0 (rcs-revision 1.28)
))
(C:\Users\tjobe\Portable\MiKTeXPortable\tex\generic\pgf\systemlayer\pgfsys.code
.tex
Package: pgfsys 2013/11/30 v3.0.0 (rcs-revision 1.47)

(C:\Users\tjobe\Portable\MiKTeXPortable\tex\generic\pgf\utilities\pgfkeys.code.
tex
\pgfkeys@pathtoks=\toks17
\pgfkeys@temptoks=\toks18

(C:\Users\tjobe\Portable\MiKTeXPortable\tex\generic\pgf\utilities\pgfkeysfilter
ed.code.tex
\pgfkeys@tmptoks=\toks19
))
\pgf@x=\dimen131
\pgf@y=\dimen132
\pgf@xa=\dimen133
\pgf@ya=\dimen134
\pgf@xb=\dimen135
\pgf@yb=\dimen136
\pgf@xc=\dimen137
\pgf@yc=\dimen138
\w@pgf@writea=\write3
\r@pgf@reada=\read1
\c@pgf@counta=\count106
\c@pgf@countb=\count107
\c@pgf@countc=\count108
\c@pgf@countd=\count109
\t@pgf@toka=\toks20
\t@pgf@tokb=\toks21
\t@pgf@tokc=\toks22

(C:\Users\tjobe\Portable\MiKTeXPortable\tex\generic\pgf\systemlayer\pgf.cfg
File: pgf.cfg 2008/05/14  (rcs-revision 1.7)
)
Driver file for pgf: pgfsys-pdftex.def

(C:\Users\tjobe\Portable\MiKTeXPortable\tex\generic\pgf\systemlayer\pgfsys-pdft
ex.def
File: pgfsys-pdftex.def 2013/07/18  (rcs-revision 1.33)

(C:\Users\tjobe\Portable\MiKTeXPortable\tex\generic\pgf\systemlayer\pgfsys-comm
on-pdf.def
File: pgfsys-common-pdf.def 2013/10/10  (rcs-revision 1.13)
)))
(C:\Users\tjobe\Portable\MiKTeXPortable\tex\generic\pgf\systemlayer\pgfsyssoftp
ath.code.tex
File: pgfsyssoftpath.code.tex 2013/09/09  (rcs-revision 1.9)
\pgfsyssoftpath@smallbuffer@items=\count110
\pgfsyssoftpath@bigbuffer@items=\count111
)
(C:\Users\tjobe\Portable\MiKTeXPortable\tex\generic\pgf\systemlayer\pgfsysproto
col.code.tex
File: pgfsysprotocol.code.tex 2006/10/16  (rcs-revision 1.4)
))
(C:\Users\tjobe\Portable\MiKTeXPortable\tex\latex\xcolor\xcolor.sty
Package: xcolor 2007/01/21 v2.11 LaTeX color extensions (UK)

(C:\Users\tjobe\Portable\MiKTeXPortable\tex\latex\00miktex\color.cfg
File: color.cfg 2007/01/18 v1.5 color configuration of teTeX/TeXLive
)
Package xcolor Info: Driver file: pdftex.def on input line 225.
Package xcolor Info: Model `cmy' substituted by `cmy0' on input line 1337.
Package xcolor Info: Model `hsb' substituted by `rgb' on input line 1341.
Package xcolor Info: Model `RGB' extended on input line 1353.
Package xcolor Info: Model `HTML' substituted by `rgb' on input line 1355.
Package xcolor Info: Model `Hsb' substituted by `hsb' on input line 1356.
Package xcolor Info: Model `tHsb' substituted by `hsb' on input line 1357.
Package xcolor Info: Model `HSB' substituted by `hsb' on input line 1358.
Package xcolor Info: Model `Gray' substituted by `gray' on input line 1359.
Package xcolor Info: Model `wave' substituted by `hsb' on input line 1360.
)
(C:\Users\tjobe\Portable\MiKTeXPortable\tex\generic\pgf\basiclayer\pgfcore.code
.tex
Package: pgfcore 2010/04/11 v3.0.0 (rcs-revision 1.7)

(C:\Users\tjobe\Portable\MiKTeXPortable\tex\generic\pgf\math\pgfmath.code.tex
(C:\Users\tjobe\Portable\MiKTeXPortable\tex\generic\pgf\math\pgfmathcalc.code.t
ex
(C:\Users\tjobe\Portable\MiKTeXPortable\tex\generic\pgf\math\pgfmathutil.code.t
ex)
(C:\Users\tjobe\Portable\MiKTeXPortable\tex\generic\pgf\math\pgfmathparser.code
.tex
\pgfmath@dimen=\dimen139
\pgfmath@count=\count112
\pgfmath@box=\box35
\pgfmath@toks=\toks23
\pgfmath@stack@operand=\toks24
\pgfmath@stack@operation=\toks25
)
(C:\Users\tjobe\Portable\MiKTeXPortable\tex\generic\pgf\math\pgfmathfunctions.c
ode.tex
(C:\Users\tjobe\Portable\MiKTeXPortable\tex\generic\pgf\math\pgfmathfunctions.b
asic.code.tex)
(C:\Users\tjobe\Portable\MiKTeXPortable\tex\generic\pgf\math\pgfmathfunctions.t
rigonometric.code.tex)
(C:\Users\tjobe\Portable\MiKTeXPortable\tex\generic\pgf\math\pgfmathfunctions.r
andom.code.tex)
(C:\Users\tjobe\Portable\MiKTeXPortable\tex\generic\pgf\math\pgfmathfunctions.c
omparison.code.tex)
(C:\Users\tjobe\Portable\MiKTeXPortable\tex\generic\pgf\math\pgfmathfunctions.b
ase.code.tex)
(C:\Users\tjobe\Portable\MiKTeXPortable\tex\generic\pgf\math\pgfmathfunctions.r
ound.code.tex)
(C:\Users\tjobe\Portable\MiKTeXPortable\tex\generic\pgf\math\pgfmathfunctions.m
isc.code.tex)
(C:\Users\tjobe\Portable\MiKTeXPortable\tex\generic\pgf\math\pgfmathfunctions.i
ntegerarithmetics.code.tex)))
(C:\Users\tjobe\Portable\MiKTeXPortable\tex\generic\pgf\math\pgfmathfloat.code.
tex
\c@pgfmathroundto@lastzeros=\count113
))
(C:\Users\tjobe\Portable\MiKTeXPortable\tex\generic\pgf\basiclayer\pgfcorepoint
s.code.tex
File: pgfcorepoints.code.tex 2013/10/07  (rcs-revision 1.27)
\pgf@picminx=\dimen140
\pgf@picmaxx=\dimen141
\pgf@picminy=\dimen142
\pgf@picmaxy=\dimen143
\pgf@pathminx=\dimen144
\pgf@pathmaxx=\dimen145
\pgf@pathminy=\dimen146
\pgf@pathmaxy=\dimen147
\pgf@xx=\dimen148
\pgf@xy=\dimen149
\pgf@yx=\dimen150
\pgf@yy=\dimen151
\pgf@zx=\dimen152
\pgf@zy=\dimen153
)
(C:\Users\tjobe\Portable\MiKTeXPortable\tex\generic\pgf\basiclayer\pgfcorepathc
onstruct.code.tex
File: pgfcorepathconstruct.code.tex 2013/10/07  (rcs-revision 1.29)
\pgf@path@lastx=\dimen154
\pgf@path@lasty=\dimen155
)
(C:\Users\tjobe\Portable\MiKTeXPortable\tex\generic\pgf\basiclayer\pgfcorepathu
sage.code.tex
File: pgfcorepathusage.code.tex 2013/12/13  (rcs-revision 1.23)
\pgf@shorten@end@additional=\dimen156
\pgf@shorten@start@additional=\dimen157
)
(C:\Users\tjobe\Portable\MiKTeXPortable\tex\generic\pgf\basiclayer\pgfcorescope
s.code.tex
File: pgfcorescopes.code.tex 2013/10/09  (rcs-revision 1.44)
\pgfpic=\box36
\pgf@hbox=\box37
\pgf@layerbox@main=\box38
\pgf@picture@serial@count=\count114
)
(C:\Users\tjobe\Portable\MiKTeXPortable\tex\generic\pgf\basiclayer\pgfcoregraph
icstate.code.tex
File: pgfcoregraphicstate.code.tex 2013/09/19  (rcs-revision 1.11)
\pgflinewidth=\dimen158
)
(C:\Users\tjobe\Portable\MiKTeXPortable\tex\generic\pgf\basiclayer\pgfcoretrans
formations.code.tex
File: pgfcoretransformations.code.tex 2013/10/10  (rcs-revision 1.17)
\pgf@pt@x=\dimen159
\pgf@pt@y=\dimen160
\pgf@pt@temp=\dimen161
)
(C:\Users\tjobe\Portable\MiKTeXPortable\tex\generic\pgf\basiclayer\pgfcorequick
.code.tex
File: pgfcorequick.code.tex 2008/10/09  (rcs-revision 1.3)
)
(C:\Users\tjobe\Portable\MiKTeXPortable\tex\generic\pgf\basiclayer\pgfcoreobjec
ts.code.tex
File: pgfcoreobjects.code.tex 2006/10/11  (rcs-revision 1.2)
)
(C:\Users\tjobe\Portable\MiKTeXPortable\tex\generic\pgf\basiclayer\pgfcorepathp
rocessing.code.tex
File: pgfcorepathprocessing.code.tex 2013/09/09  (rcs-revision 1.9)
)
(C:\Users\tjobe\Portable\MiKTeXPortable\tex\generic\pgf\basiclayer\pgfcorearrow
s.code.tex
File: pgfcorearrows.code.tex 2013/11/07  (rcs-revision 1.40)
\pgfarrowsep=\dimen162
)
(C:\Users\tjobe\Portable\MiKTeXPortable\tex\generic\pgf\basiclayer\pgfcoreshade
.code.tex
File: pgfcoreshade.code.tex 2013/07/15  (rcs-revision 1.15)
\pgf@max=\dimen163
\pgf@sys@shading@range@num=\count115
)
(C:\Users\tjobe\Portable\MiKTeXPortable\tex\generic\pgf\basiclayer\pgfcoreimage
.code.tex
File: pgfcoreimage.code.tex 2013/07/15  (rcs-revision 1.18)

(C:\Users\tjobe\Portable\MiKTeXPortable\tex\generic\pgf\basiclayer\pgfcoreexter
nal.code.tex
File: pgfcoreexternal.code.tex 2013/07/15  (rcs-revision 1.20)
\pgfexternal@startupbox=\box39
))
(C:\Users\tjobe\Portable\MiKTeXPortable\tex\generic\pgf\basiclayer\pgfcorelayer
s.code.tex
File: pgfcorelayers.code.tex 2013/07/18  (rcs-revision 1.7)
)
(C:\Users\tjobe\Portable\MiKTeXPortable\tex\generic\pgf\basiclayer\pgfcoretrans
parency.code.tex
File: pgfcoretransparency.code.tex 2013/09/30  (rcs-revision 1.5)
)
(C:\Users\tjobe\Portable\MiKTeXPortable\tex\generic\pgf\basiclayer\pgfcorepatte
rns.code.tex
File: pgfcorepatterns.code.tex 2013/11/07  (rcs-revision 1.5)
)))
(C:\Users\tjobe\Portable\MiKTeXPortable\tex\latex\pgf\utilities\xxcolor.sty
Package: xxcolor 2003/10/24 ver 0.1
\XC@nummixins=\count116
\XC@countmixins=\count117
)
(C:\Users\tjobe\Portable\MiKTeXPortable\tex\generic\oberdiek\atbegshi.sty
Package: atbegshi 2011/10/05 v1.16 At begin shipout hook (HO)
)
(C:\Users\tjobe\Portable\MiKTeXPortable\tex\latex\hyperref\hyperref.sty
Package: hyperref 2012/11/06 v6.83m Hypertext links for LaTeX

(C:\Users\tjobe\Portable\MiKTeXPortable\tex\generic\oberdiek\hobsub-hyperref.st
y
Package: hobsub-hyperref 2012/04/25 v1.12 Bundle oberdiek, subset hyperref (HO)


(C:\Users\tjobe\Portable\MiKTeXPortable\tex\generic\oberdiek\hobsub-generic.sty
Package: hobsub-generic 2012/04/25 v1.12 Bundle oberdiek, subset generic (HO)
Package: hobsub 2012/04/25 v1.12 Construct package bundles (HO)
Package hobsub Info: Skipping package `infwarerr' (already loaded).
Package hobsub Info: Skipping package `ltxcmds' (already loaded).
Package: ifluatex 2010/03/01 v1.3 Provides the ifluatex switch (HO)
Package ifluatex Info: LuaTeX not detected.
Package hobsub Info: Skipping package `ifvtex' (already loaded).
Package: intcalc 2007/09/27 v1.1 Expandable calculations with integers (HO)
Package hobsub Info: Skipping package `ifpdf' (already loaded).
Package: etexcmds 2011/02/16 v1.5 Avoid name clashes with e-TeX commands (HO)
Package etexcmds Info: Could not find \expanded.
(etexcmds)             That can mean that you are not using pdfTeX 1.50 or
(etexcmds)             that some package has redefined \expanded.
(etexcmds)             In the latter case, load this package earlier.
Package: kvsetkeys 2012/04/25 v1.16 Key value parser (HO)
Package: kvdefinekeys 2011/04/07 v1.3 Define keys (HO)
Package: pdftexcmds 2011/11/29 v0.20 Utility functions of pdfTeX for LuaTeX (HO
)
Package pdftexcmds Info: LuaTeX not detected.
Package pdftexcmds Info: \pdf@primitive is available.
Package pdftexcmds Info: \pdf@ifprimitive is available.
Package pdftexcmds Info: \pdfdraftmode found.
Package: pdfescape 2011/11/25 v1.13 Implements pdfTeX's escape features (HO)
Package: bigintcalc 2012/04/08 v1.3 Expandable calculations on big integers (HO
)
Package: bitset 2011/01/30 v1.1 Handle bit-vector datatype (HO)
Package: uniquecounter 2011/01/30 v1.2 Provide unlimited unique counter (HO)
)
Package hobsub Info: Skipping package `hobsub' (already loaded).
Package: letltxmacro 2010/09/02 v1.4 Let assignment for LaTeX macros (HO)
Package: hopatch 2011/06/24 v1.1 Wrapper for package hooks (HO)
Package: xcolor-patch 2011/01/30 xcolor patch
Package: atveryend 2011/06/30 v1.8 Hooks at the very end of document (HO)
Package atveryend Info: \enddocument detected (standard20110627).
Package hobsub Info: Skipping package `atbegshi' (already loaded).
Package: refcount 2011/10/16 v3.4 Data extraction from label references (HO)
Package: hycolor 2011/01/30 v1.7 Color options for hyperref/bookmark (HO)
) (C:\Users\tjobe\Portable\MiKTeXPortable\tex\latex\oberdiek\auxhook.sty
Package: auxhook 2011/03/04 v1.3 Hooks for auxiliary files (HO)
)
(C:\Users\tjobe\Portable\MiKTeXPortable\tex\latex\oberdiek\kvoptions.sty
Package: kvoptions 2011/06/30 v3.11 Key value format for package options (HO)
)
\@linkdim=\dimen164
\Hy@linkcounter=\count118
\Hy@pagecounter=\count119

(C:\Users\tjobe\Portable\MiKTeXPortable\tex\latex\hyperref\pd1enc.def
File: pd1enc.def 2012/11/06 v6.83m Hyperref: PDFDocEncoding definition (HO)
)
\Hy@SavedSpaceFactor=\count120

(C:\Users\tjobe\Portable\MiKTeXPortable\tex\latex\00miktex\hyperref.cfg
File: hyperref.cfg 2002/06/06 v1.2 hyperref configuration of TeXLive
)
Package hyperref Info: Option `bookmarks' set `true' on input line 4319.
Package hyperref Info: Option `bookmarksopen' set `true' on input line 4319.
Package hyperref Info: Option `implicit' set `false' on input line 4319.
Package hyperref Info: Hyper figures OFF on input line 4443.
Package hyperref Info: Link nesting OFF on input line 4448.
Package hyperref Info: Hyper index ON on input line 4451.
Package hyperref Info: Plain pages OFF on input line 4458.
Package hyperref Info: Backreferencing OFF on input line 4463.
Package hyperref Info: Implicit mode OFF; no redefinition of LaTeX internals.
Package hyperref Info: Bookmarks ON on input line 4688.
\c@Hy@tempcnt=\count121

(C:\Users\tjobe\Portable\MiKTeXPortable\tex\latex\url\url.sty
\Urlmuskip=\muskip10
Package: url 2013/09/16  ver 3.4  Verb mode for urls, etc.
)
LaTeX Info: Redefining \url on input line 5041.
\XeTeXLinkMargin=\dimen165
\Fld@menulength=\count122
\Field@Width=\dimen166
\Fld@charsize=\dimen167
Package hyperref Info: Hyper figures OFF on input line 6295.
Package hyperref Info: Link nesting OFF on input line 6300.
Package hyperref Info: Hyper index ON on input line 6303.
Package hyperref Info: backreferencing OFF on input line 6310.
Package hyperref Info: Link coloring OFF on input line 6315.
Package hyperref Info: Link coloring with OCG OFF on input line 6320.
Package hyperref Info: PDF/A mode OFF on input line 6325.
LaTeX Info: Redefining \ref on input line 6365.
LaTeX Info: Redefining \pageref on input line 6369.
\Hy@abspage=\count123


Package hyperref Message: Stopped early.

)

Package hyperref Message: Driver (autodetected): hpdftex.

(C:\Users\tjobe\Portable\MiKTeXPortable\tex\latex\hyperref\hpdftex.def
File: hpdftex.def 2012/11/06 v6.83m Hyperref driver for pdfTeX
\Fld@listcount=\count124
\c@bookmark@seq@number=\count125

(C:\Users\tjobe\Portable\MiKTeXPortable\tex\latex\oberdiek\rerunfilecheck.sty
Package: rerunfilecheck 2011/04/15 v1.7 Rerun checks for auxiliary files (HO)
Package uniquecounter Info: New unique counter `rerunfilecheck' on input line 2
82.
))
(C:\Users\tjobe\Portable\MiKTeXPortable\tex\latex\beamer\base\beamerbaserequire
s.sty
Package: beamerbaserequires 2010/05/01  (rcs-revision efa082c6111d)

(C:\Users\tjobe\Portable\MiKTeXPortable\tex\latex\beamer\base\beamerbasecompati
bility.sty
Package: beamerbasecompatibility 2012/05/01  (rcs-revision 67c48b3b652d)
)
(C:\Users\tjobe\Portable\MiKTeXPortable\tex\latex\beamer\base\beamerbasefont.st
y
Package: beamerbasefont 2013/10/18  (rcs-revision 72f39e01808a)
 (C:\Users\tjobe\Portable\MiKTeXPortable\tex\latex\amsfonts\amssymb.sty
Package: amssymb 2013/01/14 v3.01 AMS font symbols

(C:\Users\tjobe\Portable\MiKTeXPortable\tex\latex\amsfonts\amsfonts.sty
Package: amsfonts 2013/01/14 v3.01 Basic AMSFonts support
\@emptytoks=\toks26
\symAMSa=\mathgroup4
\symAMSb=\mathgroup5
LaTeX Font Info:    Overwriting math alphabet `\mathfrak' in version `bold'
(Font)                  U/euf/m/n --> U/euf/b/n on input line 106.
))
(C:\Users\tjobe\Portable\MiKTeXPortable\tex\latex\sansmathaccent\sansmathaccent
.sty
Package: sansmathaccent 2013/03/28
 (C:\Users\tjobe\Portable\MiKTeXPortable\tex\latex\filehook\filehook.sty
Package: filehook 2011/10/12 v0.5d Hooks for input files
)))
(C:\Users\tjobe\Portable\MiKTeXPortable\tex\latex\beamer\base\beamerbasetransla
tor.sty
Package: beamerbasetranslator 2010/06/11  (rcs-revision 85fd1cc7fc42)

(C:\Users\tjobe\Portable\MiKTeXPortable\tex\latex\beamer\base\translator\transl
ator.sty
Package: translator 2010/06/12 ver 1.10

(C:\Users\tjobe\Portable\MiKTeXPortable\tex\latex\beamer\base\translator\transl
ator-language-mappings.tex)))
(C:\Users\tjobe\Portable\MiKTeXPortable\tex\latex\beamer\base\beamerbasemisc.st
y
Package: beamerbasemisc 2013/09/03  (rcs-revision a55719c41d85)
)
(C:\Users\tjobe\Portable\MiKTeXPortable\tex\latex\beamer\base\beamerbasetwoscre
ens.sty
Package: beamerbasetwoscreens 2010/05/01  (rcs-revision efa082c6111d)
)
(C:\Users\tjobe\Portable\MiKTeXPortable\tex\latex\beamer\base\beamerbaseoverlay
.sty
Package: beamerbaseoverlay 2013/12/25  (rcs-revision f6bd5e3805da)
\beamer@argscount=\count126
\beamer@lastskipcover=\skip44
\beamer@trivlistdepth=\count127
)
(C:\Users\tjobe\Portable\MiKTeXPortable\tex\latex\beamer\base\beamerbasetitle.s
ty
Package: beamerbasetitle 2010/09/21  (rcs-revision f0446ed0b6ae)
)
(C:\Users\tjobe\Portable\MiKTeXPortable\tex\latex\beamer\base\beamerbasesection
.sty
Package: beamerbasesection 2013/06/07  (rcs-revision 60b9fe0f342f)
\c@lecture=\count128
\c@part=\count129
\c@section=\count130
\c@subsection=\count131
\c@subsubsection=\count132
)
(C:\Users\tjobe\Portable\MiKTeXPortable\tex\latex\beamer\base\beamerbaseframe.s
ty
Package: beamerbaseframe 2013/10/02  (rcs-revision cdc8e9a3aaac)
\beamer@framebox=\box40
\beamer@frametitlebox=\box41
\beamer@zoombox=\box42
\beamer@zoomcount=\count133
\beamer@zoomframecount=\count134
\beamer@frametextheight=\dimen168
\c@subsectionslide=\count135
\beamer@frametopskip=\skip45
\beamer@framebottomskip=\skip46
\beamer@frametopskipautobreak=\skip47
\beamer@framebottomskipautobreak=\skip48
\beamer@envbody=\toks27
\framewidth=\dimen169
\c@framenumber=\count136
)
(C:\Users\tjobe\Portable\MiKTeXPortable\tex\latex\beamer\base\beamerbaseverbati
m.sty
Package: beamerbaseverbatim 2012/08/30  (rcs-revision dfdb135076b3)
\beamer@verbatimfileout=\write4
)
(C:\Users\tjobe\Portable\MiKTeXPortable\tex\latex\beamer\base\beamerbaseframesi
ze.sty
Package: beamerbaseframesize 2011/09/12  (rcs-revision 70f9d8411e54)
\beamer@splitbox=\box43
\beamer@autobreakcount=\count137
\beamer@autobreaklastheight=\dimen170
\beamer@frametitletoks=\toks28
\beamer@framesubtitletoks=\toks29
)
(C:\Users\tjobe\Portable\MiKTeXPortable\tex\latex\beamer\base\beamerbaseframeco
mponents.sty
Package: beamerbaseframecomponents 2013/10/18  (rcs-revision 5cf6c5555a45)
\beamer@footins=\box44
)
(C:\Users\tjobe\Portable\MiKTeXPortable\tex\latex\beamer\base\beamerbasecolor.s
ty
Package: beamerbasecolor 2010/06/06  (rcs-revision d1a9b48be06d)
)
(C:\Users\tjobe\Portable\MiKTeXPortable\tex\latex\beamer\base\beamerbasenotes.s
ty
Package: beamerbasenotes 2012/12/19  (rcs-revision 1686da3db3c9)
\beamer@frameboxcopy=\box45
)
(C:\Users\tjobe\Portable\MiKTeXPortable\tex\latex\beamer\base\beamerbasetoc.sty
Package: beamerbasetoc 2013/05/23  (rcs-revision 0fdf5bc43be8)
)
(C:\Users\tjobe\Portable\MiKTeXPortable\tex\latex\beamer\base\beamerbasetemplat
es.sty
Package: beamerbasetemplates 2010/05/01  (rcs-revision efa082c6111d)
\beamer@sbttoks=\toks30

(C:\Users\tjobe\Portable\MiKTeXPortable\tex\latex\beamer\base\beamerbaseauxtemp
lates.sty
Package: beamerbaseauxtemplates 2013/09/04  (rcs-revision 4ac715c499d0)

(C:\Users\tjobe\Portable\MiKTeXPortable\tex\latex\beamer\base\beamerbaseboxes.s
ty
Package: beamerbaseboxes 2012/05/13  (rcs-revision 56972908a390)
\bmb@box=\box46
\bmb@colorbox=\box47
\bmb@boxshadow=\box48
\bmb@boxshadowball=\box49
\bmb@boxshadowballlarge=\box50
\bmb@temp=\dimen171
\bmb@dima=\dimen172
\bmb@dimb=\dimen173
\bmb@prevheight=\dimen174
)
\beamer@blockheadheight=\dimen175
))
(C:\Users\tjobe\Portable\MiKTeXPortable\tex\latex\beamer\base\beamerbaselocalst
ructure.sty
Package: beamerbaselocalstructure 2013/09/04  (rcs-revision 4ac715c499d0)

(C:\Users\tjobe\Portable\MiKTeXPortable\tex\latex\tools\enumerate.sty
Package: enumerate 1999/03/05 v3.00 enumerate extensions (DPC)
\@enLab=\toks31
)
\c@figure=\count138
\c@table=\count139
\abovecaptionskip=\skip49
\belowcaptionskip=\skip50
)
(C:\Users\tjobe\Portable\MiKTeXPortable\tex\latex\beamer\base\beamerbasenavigat
ion.sty
Package: beamerbasenavigation 2013/10/05  (rcs-revision 62be157fe783)
\beamer@section@min@dim=\dimen176
)
(C:\Users\tjobe\Portable\MiKTeXPortable\tex\latex\beamer\base\beamerbasetheorem
s.sty
Package: beamerbasetheorems 2010/06/06  (rcs-revision 7e7cc5e53e9d)
 (C:\Users\tjobe\Portable\MiKTeXPortable\tex\latex\amsmath\amsmath.sty
Package: amsmath 2013/01/14 v2.14 AMS math features
\@mathmargin=\skip51

For additional information on amsmath, use the `?' option.
(C:\Users\tjobe\Portable\MiKTeXPortable\tex\latex\amsmath\amstext.sty
Package: amstext 2000/06/29 v2.01

(C:\Users\tjobe\Portable\MiKTeXPortable\tex\latex\amsmath\amsgen.sty
File: amsgen.sty 1999/11/30 v2.0
\@emptytoks=\toks32
\ex@=\dimen177
))
(C:\Users\tjobe\Portable\MiKTeXPortable\tex\latex\amsmath\amsbsy.sty
Package: amsbsy 1999/11/29 v1.2d
\pmbraise@=\dimen178
)
(C:\Users\tjobe\Portable\MiKTeXPortable\tex\latex\amsmath\amsopn.sty
Package: amsopn 1999/12/14 v2.01 operator names
)
\inf@bad=\count140
LaTeX Info: Redefining \frac on input line 210.
\uproot@=\count141
\leftroot@=\count142
LaTeX Info: Redefining \overline on input line 306.
\classnum@=\count143
\DOTSCASE@=\count144
LaTeX Info: Redefining \ldots on input line 378.
LaTeX Info: Redefining \dots on input line 381.
LaTeX Info: Redefining \cdots on input line 466.
\Mathstrutbox@=\box51
\strutbox@=\box52
\big@size=\dimen179
LaTeX Font Info:    Redeclaring font encoding OML on input line 566.
LaTeX Font Info:    Redeclaring font encoding OMS on input line 567.
\macc@depth=\count145
\c@MaxMatrixCols=\count146
\dotsspace@=\muskip11
\c@parentequation=\count147
\dspbrk@lvl=\count148
\tag@help=\toks33
\row@=\count149
\column@=\count150
\maxfields@=\count151
\andhelp@=\toks34
\eqnshift@=\dimen180
\alignsep@=\dimen181
\tagshift@=\dimen182
\tagwidth@=\dimen183
\totwidth@=\dimen184
\lineht@=\dimen185
\@envbody=\toks35
\multlinegap=\skip52
\multlinetaggap=\skip53
\mathdisplay@stack=\toks36
LaTeX Info: Redefining \[ on input line 2665.
LaTeX Info: Redefining \] on input line 2666.
)
(C:\Users\tjobe\Portable\MiKTeXPortable\tex\latex\amscls\amsthm.sty
Package: amsthm 2004/08/06 v2.20
\thm@style=\toks37
\thm@bodyfont=\toks38
\thm@headfont=\toks39
\thm@notefont=\toks40
\thm@headpunct=\toks41
\thm@preskip=\skip54
\thm@postskip=\skip55
\thm@headsep=\skip56
\dth@everypar=\toks42
)
\c@theorem=\count152
)
(C:\Users\tjobe\Portable\MiKTeXPortable\tex\latex\beamer\base\beamerbasethemes.
sty
Package: beamerbasethemes 2010/05/01  (rcs-revision efa082c6111d)
))
(C:\Users\tjobe\Portable\MiKTeXPortable\tex\latex\beamer\base\themes\theme\beam
erthemedefault.sty
Package: beamerthemedefault 2010/06/17  (rcs-revision d02a7cf4d8ae)

(C:\Users\tjobe\Portable\MiKTeXPortable\tex\latex\beamer\base\themes\font\beame
rfontthemedefault.sty
Package: beamerfontthemedefault 2012/12/19  (rcs-revision 1686da3db3c9)
)
(C:\Users\tjobe\Portable\MiKTeXPortable\tex\latex\beamer\base\themes\color\beam
ercolorthemedefault.sty
Package: beamercolorthemedefault 2012/12/19  (rcs-revision 1686da3db3c9)
)
(C:\Users\tjobe\Portable\MiKTeXPortable\tex\latex\beamer\base\themes\inner\beam
erinnerthemedefault.sty
Package: beamerinnerthemedefault 2013/10/15  (rcs-revision 65cb471f9634)
\beamer@dima=\dimen186
\beamer@dimb=\dimen187
)
(C:\Users\tjobe\Portable\MiKTeXPortable\tex\latex\beamer\base\themes\outer\beam
erouterthemedefault.sty
Package: beamerouterthemedefault 2012/12/19  (rcs-revision 1686da3db3c9)
)))
(C:\Users\tjobe\Portable\MiKTeXPortable\tex\latex\lm\lmodern.sty
Package: lmodern 2009/10/30 v1.6 Latin Modern Fonts
LaTeX Font Info:    Overwriting symbol font `operators' in version `normal'
(Font)                  OT1/cmr/m/n --> OT1/lmr/m/n on input line 22.
LaTeX Font Info:    Overwriting symbol font `letters' in version `normal'
(Font)                  OML/cmm/m/it --> OML/lmm/m/it on input line 23.
LaTeX Font Info:    Overwriting symbol font `symbols' in version `normal'
(Font)                  OMS/cmsy/m/n --> OMS/lmsy/m/n on input line 24.
LaTeX Font Info:    Overwriting symbol font `largesymbols' in version `normal'
(Font)                  OMX/cmex/m/n --> OMX/lmex/m/n on input line 25.
LaTeX Font Info:    Overwriting symbol font `operators' in version `bold'
(Font)                  OT1/cmr/bx/n --> OT1/lmr/bx/n on input line 26.
LaTeX Font Info:    Overwriting symbol font `letters' in version `bold'
(Font)                  OML/cmm/b/it --> OML/lmm/b/it on input line 27.
LaTeX Font Info:    Overwriting symbol font `symbols' in version `bold'
(Font)                  OMS/cmsy/b/n --> OMS/lmsy/b/n on input line 28.
LaTeX Font Info:    Overwriting symbol font `largesymbols' in version `bold'
(Font)                  OMX/cmex/m/n --> OMX/lmex/m/n on input line 29.
LaTeX Font Info:    Overwriting math alphabet `\mathbf' in version `normal'
(Font)                  OT1/cmr/bx/n --> OT1/lmr/bx/n on input line 31.
LaTeX Font Info:    Overwriting math alphabet `\mathsf' in version `normal'
(Font)                  OT1/cmss/m/n --> OT1/lmss/m/n on input line 32.
LaTeX Font Info:    Overwriting math alphabet `\mathit' in version `normal'
(Font)                  OT1/cmr/m/it --> OT1/lmr/m/it on input line 33.
LaTeX Font Info:    Overwriting math alphabet `\mathtt' in version `normal'
(Font)                  OT1/cmtt/m/n --> OT1/lmtt/m/n on input line 34.
LaTeX Font Info:    Overwriting math alphabet `\mathbf' in version `bold'
(Font)                  OT1/cmr/bx/n --> OT1/lmr/bx/n on input line 35.
LaTeX Font Info:    Overwriting math alphabet `\mathsf' in version `bold'
(Font)                  OT1/cmss/bx/n --> OT1/lmss/bx/n on input line 36.
LaTeX Font Info:    Overwriting math alphabet `\mathit' in version `bold'
(Font)                  OT1/cmr/bx/it --> OT1/lmr/bx/it on input line 37.
LaTeX Font Info:    Overwriting math alphabet `\mathtt' in version `bold'
(Font)                  OT1/cmtt/m/n --> OT1/lmtt/m/n on input line 38.
)
(C:\Users\tjobe\Portable\MiKTeXPortable\tex\latex\frankenstein\attrib.sty
Package: attrib 2001/08/31 v1.3 attribution of block elements (Frankenstein's h
at)

(C:\Users\tjobe\Portable\MiKTeXPortable\tex\latex\frankenstein\moredefs.sty
Package: moredefs 2001/08/31 v1.8 more defining commands (Frankenstein's brain)

\sc@toks@a=\toks43
\sc@toks@b=\toks44
)
\AttribMinSkip=\skip57
)
(C:\Users\tjobe\Portable\MiKTeXPortable\tex\latex\verse\verse.sty
Package: verse 2009/09/04 v2.4a verse typesetting
\c@vslineno=\count153
\c@poemline=\count154
\c@fvsline=\count155
\c@modulo@vs=\count156
\c@verse@envctr=\count157
\versewidth=\skip58
\vgap=\skip59
\vindent=\skip60
\stanzaskip=\skip61
\vleftskip=\skip62
\vrightskip=\skip63
\c@chrsinstr=\count158
\beforepoemtitleskip=\skip64
\afterpoemtitleskip=\skip65
)
(C:\Users\tjobe\Portable\MiKTeXPortable\tex\latex\shipunov\altverse.sty
Package: altverse 2008/02/15 v0.3 Typesetting simple verses with `xtab' package


(C:\Users\tjobe\Portable\MiKTeXPortable\tex\latex\tools\array.sty
Package: array 2008/09/09 v2.4c Tabular extension package (FMi)
\col@sep=\dimen188
\extrarowheight=\dimen189
\NC@list=\toks45
\extratabsurround=\skip66
\backup@length=\skip67
)
(C:\Users\tjobe\Portable\MiKTeXPortable\tex\latex\xtab\xtab.sty
Package: xtab 2011/07/31 v2.3f Extended supertabular package
\c@tracingst=\count159
\PWSTcapht=\dimen190
\ST@wd=\dimen191
\ST@rightskip=\skip68
\ST@leftskip=\skip69
\ST@parfillskip=\skip70
\c@PWSTtable=\count160
\PWSTlastpage=\count161
\PWSTpenultimate=\count162
\PWSTcurpage=\count163
\PWSTtempc=\count164
\PWSTlines=\count165
\PWST@lastht=\dimen192
\PWST@generalht=\dimen193
\PWST@ht=\dimen194
\ST@pageleft=\dimen195
\ST@headht=\dimen196
\ST@tailht=\dimen197
\ST@pagesofar=\dimen198
\ST@pboxht=\dimen199
\ST@lineht=\dimen200
\ST@stretchht=\dimen201
\ST@prevht=\dimen202
\ST@toadd=\dimen203
\ST@dimen=\dimen204
\ST@pbox=\box53
))
(C:\Users\tjobe\Portable\MiKTeXPortable\tex\latex\bibleref\bibleref.sty
Package: bibleref 2011/01/19 1.14 (NLCT)

(C:\Users\tjobe\Portable\MiKTeXPortable\tex\latex\base\ifthen.sty
Package: ifthen 2001/05/26 v1.1c Standard LaTeX ifthen package (DPC)
)
(C:\Users\tjobe\Portable\MiKTeXPortable\tex\latex\fmtcount\fmtcount.sty
Package: fmtcount 2013/08/17 v2.03

(C:\Users\tjobe\Portable\MiKTeXPortable\tex\latex\etoolbox\etoolbox.sty
Package: etoolbox 2011/01/03 v2.1 e-TeX tools for LaTeX

(C:\Users\tjobe\Portable\MiKTeXPortable\tex\latex\misc\etex.sty
Package: etex 1998/03/26 v2.0 eTeX basic definition package (PEB)
\et@xins=\count166
)
\etb@tempcnta=\count167
)
(C:\Users\tjobe\Portable\MiKTeXPortable\tex\latex\fmtcount\fcprefix.sty
Package: fcprefix 2012/09/28

(C:\Users\tjobe\Portable\MiKTeXPortable\tex\latex\fmtcount\fcnumparser.sty
Package: fcnumparser 2012/09/28
\fc@digit@counter=\count168
))
\c@padzeroesN=\count169
\fc@tmpcatcode=\count170
\@DT@modctr=\count171
\@ordinalctr=\count172
\@orgargctr=\count173
\@strctr=\count174
\@tmpstrctr=\count175
\@DT@loopN=\count176
\@DT@X=\count177

(C:\Users\tjobe\Portable\MiKTeXPortable\tex\latex\fmtcount\fc-english.def
File: fc-english.def 2013/08/17
))
\@bv@tmpa=\toks46
\@bv@tmpb=\toks47
)
(C:\Users\tjobe\Portable\MiKTeXPortable\tex\latex\tools\multicol.sty
Package: multicol 2011/06/27 v1.7a multicolumn formatting (FMi)
\c@tracingmulticols=\count178
\mult@box=\box54
\multicol@leftmargin=\dimen205
\c@unbalance=\count179
\c@collectmore=\count180
\doublecol@number=\count181
\multicoltolerance=\count182
\multicolpretolerance=\count183
\full@width=\dimen206
\page@free=\dimen207
\premulticols=\dimen208
\postmulticols=\dimen209
\multicolsep=\skip71
\multicolbaselineskip=\skip72
\partial@page=\box55
\last@line=\box56
\mult@rightbox=\box57
\mult@grightbox=\box58
\mult@gfirstbox=\box59
\mult@firstbox=\box60
\@tempa=\box61
\@tempa=\box62
\@tempa=\box63
\@tempa=\box64
\@tempa=\box65
\@tempa=\box66
\@tempa=\box67
\@tempa=\box68
\@tempa=\box69
\@tempa=\box70
\@tempa=\box71
\@tempa=\box72
\@tempa=\box73
\@tempa=\box74
\@tempa=\box75
\@tempa=\box76
\@tempa=\box77
\c@columnbadness=\count184
\c@finalcolumnbadness=\count185
\last@try=\dimen210
\multicolovershoot=\dimen211
\multicolundershoot=\dimen212
\mult@nat@firstbox=\box78
\colbreak@box=\box79
\multicol@sort@counter=\count186
)
(C:\Users\tjobe\Dropbox\personal\lifeOfJesus_AdultClass_201403\lifeOfJesus_Adul
tClass_201403_presentation.aux)
LaTeX Font Info:    Checking defaults for OML/cmm/m/it on input line 34.
LaTeX Font Info:    ... okay on input line 34.
LaTeX Font Info:    Checking defaults for T1/cmr/m/n on input line 34.
LaTeX Font Info:    ... okay on input line 34.
LaTeX Font Info:    Checking defaults for OT1/cmr/m/n on input line 34.
LaTeX Font Info:    ... okay on input line 34.
LaTeX Font Info:    Checking defaults for OMS/cmsy/m/n on input line 34.
LaTeX Font Info:    ... okay on input line 34.
LaTeX Font Info:    Checking defaults for OMX/cmex/m/n on input line 34.
LaTeX Font Info:    ... okay on input line 34.
LaTeX Font Info:    Checking defaults for U/cmr/m/n on input line 34.
LaTeX Font Info:    ... okay on input line 34.
LaTeX Font Info:    Checking defaults for PD1/pdf/m/n on input line 34.
LaTeX Font Info:    ... okay on input line 34.
LaTeX Font Info:    Try loading font information for OT1+lmss on input line 34.


(C:\Users\tjobe\Portable\MiKTeXPortable\tex\latex\lm\ot1lmss.fd
File: ot1lmss.fd 2009/10/30 v1.6 Font defs for Latin Modern
)
*geometry* driver: auto-detecting
*geometry* detected driver: pdftex
*geometry* verbose mode - [ preamble ] result:
* driver: pdftex
* paper: custom
* layout: <same size as paper>
* layoutoffset:(h,v)=(0.0pt,0.0pt)
* modes: includehead includefoot 
* h-part:(L,W,R)=(28.45274pt, 307.28987pt, 28.45274pt)
* v-part:(T,H,B)=(0.0pt, 273.14662pt, 0.0pt)
* \paperwidth=364.19536pt
* \paperheight=273.14662pt
* \textwidth=307.28987pt
* \textheight=244.6939pt
* \oddsidemargin=-43.81725pt
* \evensidemargin=-43.81725pt
* \topmargin=-72.26999pt
* \headheight=14.22636pt
* \headsep=0.0pt
* \topskip=11.0pt
* \footskip=14.22636pt
* \marginparwidth=4.0pt
* \marginparsep=10.0pt
* \columnsep=10.0pt
* \skip\footins=10.0pt plus 4.0pt minus 2.0pt
* \hoffset=0.0pt
* \voffset=0.0pt
* \mag=1000
* \@twocolumnfalse
* \@twosidefalse
* \@mparswitchfalse
* \@reversemarginfalse
* (1in=72.27pt=25.4mm, 1cm=28.453pt)

(C:\Users\tjobe\Portable\MiKTeXPortable\tex\context\base\supp-pdf.mkii
[Loading MPS to PDF converter (version 2006.09.02).]
\scratchcounter=\count187
\scratchdimen=\dimen213
\scratchbox=\box80
\nofMPsegments=\count188
\nofMParguments=\count189
\everyMPshowfont=\toks48
\MPscratchCnt=\count190
\MPscratchDim=\dimen214
\MPnumerator=\count191
\makeMPintoPDFobject=\count192
\everyMPtoPDFconversion=\toks49
) ABD: EveryShipout initializing macros
\AtBeginShipoutBox=\box81
Package hyperref Info: Link coloring OFF on input line 34.

(C:\Users\tjobe\Portable\MiKTeXPortable\tex\latex\hyperref\nameref.sty
Package: nameref 2012/10/27 v2.43 Cross-referencing by name of section

(C:\Users\tjobe\Portable\MiKTeXPortable\tex\generic\oberdiek\gettitlestring.sty
Package: gettitlestring 2010/12/03 v1.4 Cleanup title references (HO)
)
\c@section@level=\count193
)
LaTeX Info: Redefining \ref on input line 34.
LaTeX Info: Redefining \pageref on input line 34.
LaTeX Info: Redefining \nameref on input line 34.

(C:\Users\tjobe\Dropbox\personal\lifeOfJesus_AdultClass_201403\lifeOfJesus_Adul
tClass_201403_presentation.out)
(C:\Users\tjobe\Dropbox\personal\lifeOfJesus_AdultClass_201403\lifeOfJesus_Adul
tClass_201403_presentation.out)
\@outlinefile=\write5
LaTeX Font Info:    Overwriting symbol font `operators' in version `normal'
(Font)                  OT1/lmr/m/n --> OT1/cmss/m/n on input line 34.
LaTeX Font Info:    Overwriting symbol font `operators' in version `bold'
(Font)                  OT1/lmr/bx/n --> OT1/cmss/bx/n on input line 34.
LaTeX Font Info:    Overwriting symbol font `operators' in version `normal'
(Font)                  OT1/cmss/m/n --> OT1/lmss/m/n on input line 34.
LaTeX Font Info:    Overwriting symbol font `operators' in version `bold'
(Font)                  OT1/cmss/bx/n --> OT1/lmss/bx/n on input line 34.
\symnumbers=\mathgroup6
\sympureletters=\mathgroup7
LaTeX Font Info:    Overwriting math alphabet `\mathrm' in version `normal'
(Font)                  OT1/lmss/m/n --> OT1/lmr/m/n on input line 34.
LaTeX Font Info:    Redeclaring math alphabet \mathbf on input line 34.
LaTeX Font Info:    Overwriting math alphabet `\mathbf' in version `normal'
(Font)                  OT1/lmr/bx/n --> OT1/lmss/bx/n on input line 34.
LaTeX Font Info:    Overwriting math alphabet `\mathbf' in version `bold'
(Font)                  OT1/lmr/bx/n --> OT1/lmss/bx/n on input line 34.
LaTeX Font Info:    Redeclaring math alphabet \mathsf on input line 34.
LaTeX Font Info:    Overwriting math alphabet `\mathsf' in version `normal'
(Font)                  OT1/lmss/m/n --> OT1/lmss/m/n on input line 34.
LaTeX Font Info:    Overwriting math alphabet `\mathsf' in version `bold'
(Font)                  OT1/lmss/bx/n --> OT1/lmss/m/n on input line 34.
LaTeX Font Info:    Redeclaring math alphabet \mathit on input line 34.
LaTeX Font Info:    Overwriting math alphabet `\mathit' in version `normal'
(Font)                  OT1/lmr/m/it --> OT1/lmss/m/it on input line 34.
LaTeX Font Info:    Overwriting math alphabet `\mathit' in version `bold'
(Font)                  OT1/lmr/bx/it --> OT1/lmss/m/it on input line 34.
LaTeX Font Info:    Redeclaring math alphabet \mathtt on input line 34.
LaTeX Font Info:    Overwriting math alphabet `\mathtt' in version `normal'
(Font)                  OT1/lmtt/m/n --> OT1/lmtt/m/n on input line 34.
LaTeX Font Info:    Overwriting math alphabet `\mathtt' in version `bold'
(Font)                  OT1/lmtt/m/n --> OT1/lmtt/m/n on input line 34.
LaTeX Font Info:    Overwriting symbol font `numbers' in version `bold'
(Font)                  OT1/lmss/m/n --> OT1/lmss/bx/n on input line 34.
LaTeX Font Info:    Overwriting symbol font `pureletters' in version `bold'
(Font)                  OT1/lmss/m/it --> OT1/lmss/bx/it on input line 34.
LaTeX Font Info:    Overwriting math alphabet `\mathrm' in version `bold'
(Font)                  OT1/lmss/bx/n --> OT1/lmr/bx/n on input line 34.
LaTeX Font Info:    Overwriting math alphabet `\mathbf' in version `bold'
(Font)                  OT1/lmss/bx/n --> OT1/lmss/bx/n on input line 34.
LaTeX Font Info:    Overwriting math alphabet `\mathsf' in version `bold'
(Font)                  OT1/lmss/m/n --> OT1/lmss/bx/n on input line 34.
LaTeX Font Info:    Overwriting math alphabet `\mathit' in version `bold'
(Font)                  OT1/lmss/m/it --> OT1/lmss/bx/it on input line 34.
LaTeX Font Info:    Overwriting math alphabet `\mathtt' in version `bold'
(Font)                  OT1/lmtt/m/n --> OT1/lmtt/bx/n on input line 34.

(C:\Users\tjobe\Portable\MiKTeXPortable\tex\latex\beamer\base\translator\dicts\
translator-basic-dictionary\translator-basic-dictionary-English.dict
Dictionary: translator-basic-dictionary, Language: English 
)
(C:\Users\tjobe\Portable\MiKTeXPortable\tex\latex\beamer\base\translator\dicts\
translator-bibliography-dictionary\translator-bibliography-dictionary-English.d
ict
Dictionary: translator-bibliography-dictionary, Language: English 
)
(C:\Users\tjobe\Portable\MiKTeXPortable\tex\latex\beamer\base\translator\dicts\
translator-environment-dictionary\translator-environment-dictionary-English.dic
t
Dictionary: translator-environment-dictionary, Language: English 
)
(C:\Users\tjobe\Portable\MiKTeXPortable\tex\latex\beamer\base\translator\dicts\
translator-months-dictionary\translator-months-dictionary-English.dict
Dictionary: translator-months-dictionary, Language: English 
)
(C:\Users\tjobe\Portable\MiKTeXPortable\tex\latex\beamer\base\translator\dicts\
translator-numbers-dictionary\translator-numbers-dictionary-English.dict
Dictionary: translator-numbers-dictionary, Language: English 
)
(C:\Users\tjobe\Portable\MiKTeXPortable\tex\latex\beamer\base\translator\dicts\
translator-theorem-dictionary\translator-theorem-dictionary-English.dict
Dictionary: translator-theorem-dictionary, Language: English 
)
LaTeX Info: Redefining \includegraphics on input line 34.

(C:\Users\tjobe\Dropbox\personal\lifeOfJesus_AdultClass_201403\lifeOfJesus_Adul
tClass_201403_presentation.nav) [1

{C:/Users/tjobe/Portable/MiKTeXPortable/pdftex/config/pdftex.map}]
LaTeX Font Info:    Font shape `OT1/lmss/m/it' in size <10.95> not available
(Font)              Font shape `OT1/lmss/m/sl' tried instead on input line 53.
LaTeX Font Info:    Font shape `OT1/lmss/bx/it' in size <10.95> not available
(Font)              Font shape `OT1/lmss/bx/sl' tried instead on input line 53.

 [2

]
(C:\Users\tjobe\Dropbox\personal\lifeOfJesus_AdultClass_201403\lifeOfJesus-Adul
tClass-20140302-presentation.tex
LaTeX Font Info:    Try loading font information for OML+lmm on input line 19.

(C:\Users\tjobe\Portable\MiKTeXPortable\tex\latex\lm\omllmm.fd
File: omllmm.fd 2009/10/30 v1.6 Font defs for Latin Modern
)
LaTeX Font Info:    Try loading font information for OMS+lmsy on input line 19.


(C:\Users\tjobe\Portable\MiKTeXPortable\tex\latex\lm\omslmsy.fd
File: omslmsy.fd 2009/10/30 v1.6 Font defs for Latin Modern
)
LaTeX Font Info:    Try loading font information for OMX+lmex on input line 19.


(C:\Users\tjobe\Portable\MiKTeXPortable\tex\latex\lm\omxlmex.fd
File: omxlmex.fd 2009/10/30 v1.6 Font defs for Latin Modern
)
LaTeX Font Info:    External font `lmex10' loaded for size
(Font)              <10.95> on input line 19.
LaTeX Font Info:    External font `lmex10' loaded for size
(Font)              <8> on input line 19.
LaTeX Font Info:    External font `lmex10' loaded for size
(Font)              <6> on input line 19.
LaTeX Font Info:    Try loading font information for U+msa on input line 19.

(C:\Users\tjobe\Portable\MiKTeXPortable\tex\latex\amsfonts\umsa.fd
File: umsa.fd 2013/01/14 v3.01 AMS symbols A
)
LaTeX Font Info:    Try loading font information for U+msb on input line 19.

(C:\Users\tjobe\Portable\MiKTeXPortable\tex\latex\amsfonts\umsb.fd
File: umsb.fd 2013/01/14 v3.01 AMS symbols B
)
LaTeX Font Info:    Font shape `OT1/lmss/m/it' in size <8> not available
(Font)              Font shape `OT1/lmss/m/sl' tried instead on input line 19.
LaTeX Font Info:    Font shape `OT1/lmss/m/it' in size <6> not available
(Font)              Font shape `OT1/lmss/m/sl' tried instead on input line 19.

<graphics/entitlement.jpg, id=83, 602.25pt x 752.8125pt>
File: graphics/entitlement.jpg Graphic file (type jpg)

<use graphics/entitlement.jpg>
Package pdftex.def Info: graphics/entitlement.jpg used on input line 19.
(pdftex.def)             Requested size: 156.49014pt x 195.61176pt.

(C:\Users\tjobe\Dropbox\personal\lifeOfJesus_AdultClass_201403\lifeOfJesus_Adul
tClass_201403_presentation.toc)
<graphics/prophet-isaiah-1968.jpg, id=87, 570.63188pt x 450.18187pt>
File: graphics/prophet-isaiah-1968.jpg Graphic file (type jpg)

<use graphics/prophet-isaiah-1968.jpg>
Package pdftex.def Info: graphics/prophet-isaiah-1968.jpg used on input line 70
.
(pdftex.def)             Requested size: 170.71652pt x 134.6778pt.

<graphics/beam.jpg, id=88, 376.40625pt x 378.66469pt>
File: graphics/beam.jpg Graphic file (type jpg)
 <use graphics/beam.jpg>
Package pdftex.def Info: graphics/beam.jpg used on input line 83.
(pdftex.def)             Requested size: 142.26378pt x 143.11983pt.

<graphics/paralytic.jpg, id=89, 546.04pt x 770.88pt>
File: graphics/paralytic.jpg Graphic file (type jpg)

<use graphics/paralytic.jpg>
Package pdftex.def Info: graphics/paralytic.jpg used on input line 98.
(pdftex.def)             Requested size: 128.0374pt x 180.7569pt.
LaTeX Font Info:    External font `lmex10' loaded for size
(Font)              <5> on input line 138.
LaTeX Font Info:    Font shape `OT1/lmss/m/it' in size <5> not available
(Font)              Font shape `OT1/lmss/m/sl' tried instead on input line 138.

)
(C:\Users\tjobe\Dropbox\personal\lifeOfJesus_AdultClass_201403\lifeOfJesus-Adul
tClass-20140309-presentation.tex
(C:\Users\tjobe\Dropbox\personal\lifeOfJesus_AdultClass_201403\lifeOfJesus_Adul
tClass_201403_presentation.toc)
(C:\Users\tjobe\Dropbox\personal\lifeOfJesus_AdultClass_201403\lifeOfJesus_Adul
tClass_201403_presentation.toc)
LaTeX Font Info:    Font shape `OT1/lmss/m/it' in size <9> not available
(Font)              Font shape `OT1/lmss/m/sl' tried instead on input line 211.

LaTeX Font Info:    External font `lmex10' loaded for size
(Font)              <9> on input line 211.
LaTeX Font Info:    Font shape `OT1/lmss/bx/it' in size <9> not available
(Font)              Font shape `OT1/lmss/bx/sl' tried instead on input line 211
.
LaTeX Font Info:    Font shape `OT1/lmss/bx/it' in size <6> not available
(Font)              Font shape `OT1/lmss/bx/sl' tried instead on input line 211
.
)
(C:\Users\tjobe\Dropbox\personal\lifeOfJesus_AdultClass_201403\lifeOfJesus-Adul
tClass-20140316-presentation.tex [3

] [4

] [5

]
(C:\Users\tjobe\Dropbox\personal\lifeOfJesus_AdultClass_201403\lifeOfJesus_Adul
tClass_201403_presentation.toc) [6

]
(C:\Users\tjobe\Dropbox\personal\lifeOfJesus_AdultClass_201403\lifeOfJesus_Adul
tClass_201403_presentation.toc) [7

] [8

] [9

]
(C:\Users\tjobe\Dropbox\personal\lifeOfJesus_AdultClass_201403\lifeOfJesus_Adul
tClass_201403_presentation.toc) [10

] [11

] [12

]
(C:\Users\tjobe\Dropbox\personal\lifeOfJesus_AdultClass_201403\lifeOfJesus_Adul
tClass_201403_presentation.toc) [13

] [14

]
Underfull \vbox (badness 10000) has occurred while \output is active []

 [15

]
Overfull \vbox (14.12914pt too high) has occurred while \output is active []


[16]
(C:\Users\tjobe\Dropbox\personal\lifeOfJesus_AdultClass_201403\lifeOfJesus_Adul
tClass_201403_presentation.toc) [17

])
\tf@nav=\write6
\tf@toc=\write7
\tf@snm=\write8
Package atveryend Info: Empty hook `BeforeClearDocument' on input line 64.
Package atveryend Info: Empty hook `AfterLastShipout' on input line 64.

(C:\Users\tjobe\Dropbox\personal\lifeOfJesus_AdultClass_201403\lifeOfJesus_Adul
tClass_201403_presentation.aux)
Package atveryend Info: Executing hook `AtVeryEndDocument' on input line 64.
Package atveryend Info: Executing hook `AtEndAfterFileList' on input line 64.
Package rerunfilecheck Info: File `lifeOfJesus_AdultClass_201403_presentation.o
ut' has not changed.
(rerunfilecheck)             Checksum: 2EBAF6D529C7A042B4FA83D832449159;159.
Package atveryend Info: Empty hook `AtVeryVeryEnd' on input line 64.
 ) 
Here is how much of TeX's memory you used:
 18157 strings out of 493921
 343004 string characters out of 3142880
 430347 words of memory out of 3000000
 20917 multiletter control sequences out of 15000+200000
 53632 words of font info for 53 fonts, out of 3000000 for 9000
 841 hyphenation exceptions out of 8191
 56i,14n,55p,1056b,549s stack positions out of 5000i,500n,10000p,200000b,50000s
{C:/Users/tjobe/Portable/MiKTeXPortable/fonts/enc/dvips/lm/lm-rm.enc}<C:/User
s/tjobe/Portable/MiKTeXPortable/fonts/type1/public/lm/lmss10.pfb><C:/Users/tjob
e/Portable/MiKTeXPortable/fonts/type1/public/lm/lmss12.pfb><C:/Users/tjobe/Port
able/MiKTeXPortable/fonts/type1/public/lm/lmss9.pfb><C:/Users/tjobe/Portable/Mi
KTeXPortable/fonts/type1/public/lm/lmssbo10.pfb><C:/Users/tjobe/Portable/MiKTeX
Portable/fonts/type1/public/lm/lmsso10.pfb><C:/Users/tjobe/Portable/MiKTeXPorta
ble/fonts/type1/public/amsfonts/symbols/msam10.pfb>
Output written on lifeOfJesus_AdultClass_201403_presentation.pdf (17 pages, 215
427 bytes).
PDF statistics:
 520 PDF objects out of 1000 (max. 8388607)
 39 named destinations out of 1000 (max. 500000)
 87 words of extra memory for PDF output out of 10000 (max. 10000000)

